Watching for file changes with StatReloader
C:\Users\Qie\Documents\AUOW\FYP\TripMate\tripmate_backend\tripmate_backend\settings.py changed, reloading.
Watching for file changes with StatReloader
Watching for file changes with StatReloader
Watching for file changes with StatReloader
"OPTIONS /api/accounts/profile/ HTTP/1.1" 200 0
"OPTIONS /api/accounts/profile/ HTTP/1.1" 200 0
"GET /api/accounts/profile/ HTTP/1.1" 200 259
"GET /api/accounts/profile/ HTTP/1.1" 200 259
"GET /api/accounts/profile/ HTTP/1.1" 200 259
"GET /api/accounts/profile/ HTTP/1.1" 200 259
"GET /media/profile_pics/3434_origin.jpg HTTP/1.1" 304 0
"OPTIONS /api/trips/ HTTP/1.1" 200 0
"OPTIONS /api/trips/ HTTP/1.1" 200 0
"GET /api/trips/ HTTP/1.1" 200 50
"GET /api/trips/ HTTP/1.1" 200 50
"GET /api/accounts/profile/ HTTP/1.1" 200 259
"GET /api/accounts/profile/ HTTP/1.1" 200 259
"GET /api/accounts/profile/ HTTP/1.1" 200 259
"GET /api/accounts/profile/ HTTP/1.1" 200 259
"OPTIONS /api/trips/1/ HTTP/1.1" 200 0
"OPTIONS /api/trips/1/destinations/ HTTP/1.1" 200 0
"OPTIONS /api/trips/1/media/ HTTP/1.1" 200 0
"OPTIONS /api/trips/1/ HTTP/1.1" 200 0
"OPTIONS /api/trips/1/destinations/ HTTP/1.1" 200 0
"OPTIONS /api/trips/1/media/ HTTP/1.1" 200 0
Not Found: /api/trips/1/destinations/
Not Found: /api/trips/1/
"GET /api/trips/1/ HTTP/1.1" 404 18278
"GET /api/trips/1/destinations/ HTTP/1.1" 404 18317
Not Found: /api/trips/1/media/
Not Found: /api/trips/1/destinations/
"GET /api/trips/1/media/ HTTP/1.1" 404 18296
"GET /api/trips/1/destinations/ HTTP/1.1" 404 18317
Not Found: /api/trips/1/media/
Not Found: /api/trips/1/
"GET /api/trips/1/media/ HTTP/1.1" 404 18296
"GET /api/trips/1/ HTTP/1.1" 404 18278
"GET /api/accounts/profile/ HTTP/1.1" 200 259
"GET /api/accounts/profile/ HTTP/1.1" 200 259
"GET /api/accounts/profile/ HTTP/1.1" 200 259
"GET /api/accounts/profile/ HTTP/1.1" 200 259
"GET /api/accounts/profile/ HTTP/1.1" 200 259
"GET /api/accounts/profile/ HTTP/1.1" 200 259
"GET /api/trips/ HTTP/1.1" 200 50
"GET /api/trips/ HTTP/1.1" 200 50
"GET /api/accounts/profile/ HTTP/1.1" 200 259
"GET /api/accounts/profile/ HTTP/1.1" 200 259
"GET /api/accounts/profile/ HTTP/1.1" 200 259
"GET /api/accounts/profile/ HTTP/1.1" 200 259
"GET /api/accounts/profile/ HTTP/1.1" 200 259
"GET /api/accounts/profile/ HTTP/1.1" 200 259
Method Not Allowed: /api/trips/
"POST /api/trips/ HTTP/1.1" 405 41
Method Not Allowed: /api/trips/
"POST /api/trips/ HTTP/1.1" 405 41
Method Not Allowed: /api/trips/
"POST /api/trips/ HTTP/1.1" 405 41
"GET /api/trips/ HTTP/1.1" 200 50
"GET /api/trips/ HTTP/1.1" 200 50
"GET /api/accounts/profile/ HTTP/1.1" 200 259
"GET /api/accounts/profile/ HTTP/1.1" 200 259
"GET /api/accounts/profile/ HTTP/1.1" 200 259
"GET /api/accounts/profile/ HTTP/1.1" 200 259
Method Not Allowed: /api/trips/
"POST /api/trips/ HTTP/1.1" 405 41
Method Not Allowed: /api/trips/
"POST /api/trips/ HTTP/1.1" 405 41
Method Not Allowed: /api/trips/
"POST /api/trips/ HTTP/1.1" 405 41
Method Not Allowed: /api/trips/
"POST /api/trips/ HTTP/1.1" 405 41
Method Not Allowed: /api/trips/
"POST /api/trips/ HTTP/1.1" 405 41
Method Not Allowed: /api/trips/
"POST /api/trips/ HTTP/1.1" 405 41
"GET /api/accounts/profile/ HTTP/1.1" 200 259
"GET /api/accounts/profile/ HTTP/1.1" 200 259
Method Not Allowed: /api/trips/
"POST /api/trips/ HTTP/1.1" 405 41
"OPTIONS /api/trips/trips/ HTTP/1.1" 200 0
"POST /api/trips/trips/ HTTP/1.1" 201 122
"OPTIONS /api/trips/trips/undefined/ HTTP/1.1" 200 0
"OPTIONS /api/trips/trips/undefined/destinations/ HTTP/1.1" 200 0
"OPTIONS /api/trips/trips/undefined/media/ HTTP/1.1" 200 0
"OPTIONS /api/trips/trips/undefined/destinations/ HTTP/1.1" 200 0
"OPTIONS /api/trips/trips/undefined/media/ HTTP/1.1" 200 0
Not Found: /api/trips/trips/undefined/
"GET /api/trips/trips/undefined/ HTTP/1.1" 404 23
Not Found: /api/trips/trips/undefined/media/
"GET /api/trips/trips/undefined/media/ HTTP/1.1" 404 23
Not Found: /api/trips/trips/undefined/
"GET /api/trips/trips/undefined/ HTTP/1.1" 404 23
Not Found: /api/trips/trips/undefined/media/
"GET /api/trips/trips/undefined/media/ HTTP/1.1" 404 23
Internal Server Error: /api/trips/trips/undefined/destinations/
Traceback (most recent call last):
  File "C:\Users\Qie\Documents\AUOW\FYP\TripMate\venv\Lib\site-packages\django\db\models\fields\__init__.py", line 2128, in get_prep_value
    return int(value)
           ^^^^^^^^^^
ValueError: invalid literal for int() with base 10: 'undefined'

The above exception was the direct cause of the following exception:

Traceback (most recent call last):
  File "C:\Users\Qie\Documents\AUOW\FYP\TripMate\venv\Lib\site-packages\django\core\handlers\exception.py", line 55, in inner
    response = get_response(request)
               ^^^^^^^^^^^^^^^^^^^^^
  File "C:\Users\Qie\Documents\AUOW\FYP\TripMate\venv\Lib\site-packages\django\core\handlers\base.py", line 197, in _get_response
    response = wrapped_callback(request, *callback_args, **callback_kwargs)
               ^^^^^^^^^^^^^^^^^^^^^^^^^^^^^^^^^^^^^^^^^^^^^^^^^^^^^^^^^^^^
  File "C:\Users\Qie\Documents\AUOW\FYP\TripMate\venv\Lib\site-packages\django\views\decorators\csrf.py", line 65, in _view_wrapper
    return view_func(request, *args, **kwargs)
           ^^^^^^^^^^^^^^^^^^^^^^^^^^^^^^^^^^^
  File "C:\Users\Qie\Documents\AUOW\FYP\TripMate\venv\Lib\site-packages\rest_framework\viewsets.py", line 125, in view
    return self.dispatch(request, *args, **kwargs)
           ^^^^^^^^^^^^^^^^^^^^^^^^^^^^^^^^^^^^^^^
  File "C:\Users\Qie\Documents\AUOW\FYP\TripMate\venv\Lib\site-packages\rest_framework\views.py", line 515, in dispatch
    response = self.handle_exception(exc)
               ^^^^^^^^^^^^^^^^^^^^^^^^^^
  File "C:\Users\Qie\Documents\AUOW\FYP\TripMate\venv\Lib\site-packages\rest_framework\views.py", line 475, in handle_exception
    self.raise_uncaught_exception(exc)
  File "C:\Users\Qie\Documents\AUOW\FYP\TripMate\venv\Lib\site-packages\rest_framework\views.py", line 486, in raise_uncaught_exception
    raise exc
  File "C:\Users\Qie\Documents\AUOW\FYP\TripMate\venv\Lib\site-packages\rest_framework\views.py", line 512, in dispatch
    response = handler(request, *args, **kwargs)
               ^^^^^^^^^^^^^^^^^^^^^^^^^^^^^^^^^
  File "C:\Users\Qie\Documents\AUOW\FYP\TripMate\venv\Lib\site-packages\rest_framework\mixins.py", line 38, in list
    queryset = self.filter_queryset(self.get_queryset())
                                    ^^^^^^^^^^^^^^^^^^^
  File "C:\Users\Qie\Documents\AUOW\FYP\TripMate\tripmate_backend\trips\views.py", line 221, in get_queryset
    return TripDestination.objects.filter(
           ^^^^^^^^^^^^^^^^^^^^^^^^^^^^^^^
  File "C:\Users\Qie\Documents\AUOW\FYP\TripMate\venv\Lib\site-packages\django\db\models\manager.py", line 87, in manager_method
    return getattr(self.get_queryset(), name)(*args, **kwargs)
           ^^^^^^^^^^^^^^^^^^^^^^^^^^^^^^^^^^^^^^^^^^^^^^^^^^^
  File "C:\Users\Qie\Documents\AUOW\FYP\TripMate\venv\Lib\site-packages\django\db\models\query.py", line 1491, in filter
    return self._filter_or_exclude(False, args, kwargs)
           ^^^^^^^^^^^^^^^^^^^^^^^^^^^^^^^^^^^^^^^^^^^^
  File "C:\Users\Qie\Documents\AUOW\FYP\TripMate\venv\Lib\site-packages\django\db\models\query.py", line 1509, in _filter_or_exclude
    clone._filter_or_exclude_inplace(negate, args, kwargs)
  File "C:\Users\Qie\Documents\AUOW\FYP\TripMate\venv\Lib\site-packages\django\db\models\query.py", line 1516, in _filter_or_exclude_inplace
    self._query.add_q(Q(*args, **kwargs))
  File "C:\Users\Qie\Documents\AUOW\FYP\TripMate\venv\Lib\site-packages\django\db\models\sql\query.py", line 1643, in add_q
    clause, _ = self._add_q(q_object, can_reuse)
                ^^^^^^^^^^^^^^^^^^^^^^^^^^^^^^^^
  File "C:\Users\Qie\Documents\AUOW\FYP\TripMate\venv\Lib\site-packages\django\db\models\sql\query.py", line 1675, in _add_q
    child_clause, needed_inner = self.build_filter(
                                 ^^^^^^^^^^^^^^^^^^
  File "C:\Users\Qie\Documents\AUOW\FYP\TripMate\venv\Lib\site-packages\django\db\models\sql\query.py", line 1585, in build_filter
    condition = self.build_lookup(lookups, col, value)
                ^^^^^^^^^^^^^^^^^^^^^^^^^^^^^^^^^^^^^^
  File "C:\Users\Qie\Documents\AUOW\FYP\TripMate\venv\Lib\site-packages\django\db\models\sql\query.py", line 1412, in build_lookup
    lookup = lookup_class(lhs, rhs)
             ^^^^^^^^^^^^^^^^^^^^^^
  File "C:\Users\Qie\Documents\AUOW\FYP\TripMate\venv\Lib\site-packages\django\db\models\lookups.py", line 38, in __init__
    self.rhs = self.get_prep_lookup()
               ^^^^^^^^^^^^^^^^^^^^^^
  File "C:\Users\Qie\Documents\AUOW\FYP\TripMate\venv\Lib\site-packages\django\db\models\fields\related_lookups.py", line 112, in get_prep_lookup
    self.rhs = target_field.get_prep_value(self.rhs)
               ^^^^^^^^^^^^^^^^^^^^^^^^^^^^^^^^^^^^^
  File "C:\Users\Qie\Documents\AUOW\FYP\TripMate\venv\Lib\site-packages\django\db\models\fields\__init__.py", line 2130, in get_prep_value
    raise e.__class__(
ValueError: Field 'id' expected a number but got 'undefined'.
"GET /api/trips/trips/undefined/destinations/ HTTP/1.1" 500 162663
Internal Server Error: /api/trips/trips/undefined/destinations/
Traceback (most recent call last):
  File "C:\Users\Qie\Documents\AUOW\FYP\TripMate\venv\Lib\site-packages\django\db\models\fields\__init__.py", line 2128, in get_prep_value
    return int(value)
           ^^^^^^^^^^
ValueError: invalid literal for int() with base 10: 'undefined'

The above exception was the direct cause of the following exception:

Traceback (most recent call last):
  File "C:\Users\Qie\Documents\AUOW\FYP\TripMate\venv\Lib\site-packages\django\core\handlers\exception.py", line 55, in inner
    response = get_response(request)
               ^^^^^^^^^^^^^^^^^^^^^
  File "C:\Users\Qie\Documents\AUOW\FYP\TripMate\venv\Lib\site-packages\django\core\handlers\base.py", line 197, in _get_response
    response = wrapped_callback(request, *callback_args, **callback_kwargs)
               ^^^^^^^^^^^^^^^^^^^^^^^^^^^^^^^^^^^^^^^^^^^^^^^^^^^^^^^^^^^^
  File "C:\Users\Qie\Documents\AUOW\FYP\TripMate\venv\Lib\site-packages\django\views\decorators\csrf.py", line 65, in _view_wrapper
    return view_func(request, *args, **kwargs)
           ^^^^^^^^^^^^^^^^^^^^^^^^^^^^^^^^^^^
  File "C:\Users\Qie\Documents\AUOW\FYP\TripMate\venv\Lib\site-packages\rest_framework\viewsets.py", line 125, in view
    return self.dispatch(request, *args, **kwargs)
           ^^^^^^^^^^^^^^^^^^^^^^^^^^^^^^^^^^^^^^^
  File "C:\Users\Qie\Documents\AUOW\FYP\TripMate\venv\Lib\site-packages\rest_framework\views.py", line 515, in dispatch
    response = self.handle_exception(exc)
               ^^^^^^^^^^^^^^^^^^^^^^^^^^
  File "C:\Users\Qie\Documents\AUOW\FYP\TripMate\venv\Lib\site-packages\rest_framework\views.py", line 475, in handle_exception
    self.raise_uncaught_exception(exc)
  File "C:\Users\Qie\Documents\AUOW\FYP\TripMate\venv\Lib\site-packages\rest_framework\views.py", line 486, in raise_uncaught_exception
    raise exc
  File "C:\Users\Qie\Documents\AUOW\FYP\TripMate\venv\Lib\site-packages\rest_framework\views.py", line 512, in dispatch
    response = handler(request, *args, **kwargs)
               ^^^^^^^^^^^^^^^^^^^^^^^^^^^^^^^^^
  File "C:\Users\Qie\Documents\AUOW\FYP\TripMate\venv\Lib\site-packages\rest_framework\mixins.py", line 38, in list
    queryset = self.filter_queryset(self.get_queryset())
                                    ^^^^^^^^^^^^^^^^^^^
  File "C:\Users\Qie\Documents\AUOW\FYP\TripMate\tripmate_backend\trips\views.py", line 221, in get_queryset
    return TripDestination.objects.filter(
           ^^^^^^^^^^^^^^^^^^^^^^^^^^^^^^^
  File "C:\Users\Qie\Documents\AUOW\FYP\TripMate\venv\Lib\site-packages\django\db\models\manager.py", line 87, in manager_method
    return getattr(self.get_queryset(), name)(*args, **kwargs)
           ^^^^^^^^^^^^^^^^^^^^^^^^^^^^^^^^^^^^^^^^^^^^^^^^^^^
  File "C:\Users\Qie\Documents\AUOW\FYP\TripMate\venv\Lib\site-packages\django\db\models\query.py", line 1491, in filter
    return self._filter_or_exclude(False, args, kwargs)
           ^^^^^^^^^^^^^^^^^^^^^^^^^^^^^^^^^^^^^^^^^^^^
  File "C:\Users\Qie\Documents\AUOW\FYP\TripMate\venv\Lib\site-packages\django\db\models\query.py", line 1509, in _filter_or_exclude
    clone._filter_or_exclude_inplace(negate, args, kwargs)
  File "C:\Users\Qie\Documents\AUOW\FYP\TripMate\venv\Lib\site-packages\django\db\models\query.py", line 1516, in _filter_or_exclude_inplace
    self._query.add_q(Q(*args, **kwargs))
  File "C:\Users\Qie\Documents\AUOW\FYP\TripMate\venv\Lib\site-packages\django\db\models\sql\query.py", line 1643, in add_q
    clause, _ = self._add_q(q_object, can_reuse)
                ^^^^^^^^^^^^^^^^^^^^^^^^^^^^^^^^
  File "C:\Users\Qie\Documents\AUOW\FYP\TripMate\venv\Lib\site-packages\django\db\models\sql\query.py", line 1675, in _add_q
    child_clause, needed_inner = self.build_filter(
                                 ^^^^^^^^^^^^^^^^^^
  File "C:\Users\Qie\Documents\AUOW\FYP\TripMate\venv\Lib\site-packages\django\db\models\sql\query.py", line 1585, in build_filter
    condition = self.build_lookup(lookups, col, value)
                ^^^^^^^^^^^^^^^^^^^^^^^^^^^^^^^^^^^^^^
  File "C:\Users\Qie\Documents\AUOW\FYP\TripMate\venv\Lib\site-packages\django\db\models\sql\query.py", line 1412, in build_lookup
    lookup = lookup_class(lhs, rhs)
             ^^^^^^^^^^^^^^^^^^^^^^
  File "C:\Users\Qie\Documents\AUOW\FYP\TripMate\venv\Lib\site-packages\django\db\models\lookups.py", line 38, in __init__
    self.rhs = self.get_prep_lookup()
               ^^^^^^^^^^^^^^^^^^^^^^
  File "C:\Users\Qie\Documents\AUOW\FYP\TripMate\venv\Lib\site-packages\django\db\models\fields\related_lookups.py", line 112, in get_prep_lookup
    self.rhs = target_field.get_prep_value(self.rhs)
               ^^^^^^^^^^^^^^^^^^^^^^^^^^^^^^^^^^^^^
  File "C:\Users\Qie\Documents\AUOW\FYP\TripMate\venv\Lib\site-packages\django\db\models\fields\__init__.py", line 2130, in get_prep_value
    raise e.__class__(
ValueError: Field 'id' expected a number but got 'undefined'.
"GET /api/trips/trips/undefined/destinations/ HTTP/1.1" 500 162663
"OPTIONS /api/trips/accounts/profile/ HTTP/1.1" 200 0
Not Found: /api/trips/accounts/profile/
"GET /api/trips/accounts/profile/ HTTP/1.1" 404 18323
Not Found: /api/trips/accounts/profile/
"GET /api/trips/accounts/profile/ HTTP/1.1" 404 18323
C:\Users\Qie\Documents\AUOW\FYP\TripMate\tripmate_backend\trips\views.py changed, reloading.
Watching for file changes with StatReloader
Method Not Allowed: /api/trips/
"POST /api/trips/ HTTP/1.1" 405 41
Not Found: /api/trips/accounts/profile/
"GET /api/trips/accounts/profile/ HTTP/1.1" 404 17479
Not Found: /api/trips/accounts/profile/
"GET /api/trips/accounts/profile/ HTTP/1.1" 404 17479
Trip creation request received
Request method: POST
Request data: {'title': 's', 'description': 'ss', 'start_date': '2025-05-26', 'end_date': '2025-05-27', 'status': 'planning', 'privacy': 'private'}
Request user: AAA
Is authenticated: True
Trip created successfully with ID: 2
"POST /api/trips/trips/ HTTP/1.1" 201 494
"OPTIONS /api/trips/trips/2/ HTTP/1.1" 200 0
"OPTIONS /api/trips/trips/2/destinations/ HTTP/1.1" 200 0
"OPTIONS /api/trips/trips/2/ HTTP/1.1" 200 0
"OPTIONS /api/trips/trips/2/media/ HTTP/1.1" 200 0
"OPTIONS /api/trips/trips/2/destinations/ HTTP/1.1" 200 0
"OPTIONS /api/trips/trips/2/media/ HTTP/1.1" 200 0
"GET /api/trips/trips/2/destinations/ HTTP/1.1" 200 52
"GET /api/trips/trips/2/ HTTP/1.1" 200 494
"GET /api/trips/trips/2/media/ HTTP/1.1" 200 2
"GET /api/trips/trips/2/destinations/ HTTP/1.1" 200 52
"GET /api/trips/trips/2/media/ HTTP/1.1" 200 2
"GET /api/trips/trips/2/ HTTP/1.1" 200 494
Not Found: /api/trips/accounts/profile/
"GET /api/trips/accounts/profile/ HTTP/1.1" 404 17479
Not Found: /api/trips/accounts/profile/
"GET /api/trips/accounts/profile/ HTTP/1.1" 404 17479
"GET /api/trips/trips/2/destinations/ HTTP/1.1" 200 52
"GET /api/trips/trips/2/media/ HTTP/1.1" 200 2
"GET /api/trips/trips/2/destinations/ HTTP/1.1" 200 52
"GET /api/trips/trips/2/ HTTP/1.1" 200 494
"GET /api/trips/trips/2/media/ HTTP/1.1" 200 2
"GET /api/trips/trips/2/ HTTP/1.1" 200 494
Not Found: /api/trips/accounts/profile/
"GET /api/trips/accounts/profile/ HTTP/1.1" 404 17479
Not Found: /api/trips/accounts/profile/
"GET /api/trips/accounts/profile/ HTTP/1.1" 404 17479
Not Found: /api/trips/accounts/profile/
"GET /api/trips/accounts/profile/ HTTP/1.1" 404 17479
Not Found: /api/trips/accounts/profile/
"GET /api/trips/accounts/profile/ HTTP/1.1" 404 17479
Not Found: /api/trips/accounts/profile/
"GET /api/trips/accounts/profile/ HTTP/1.1" 404 17479
Not Found: /api/trips/accounts/profile/
"GET /api/trips/accounts/profile/ HTTP/1.1" 404 17479
Not Found: /api/trips/accounts/profile/
"GET /api/trips/accounts/profile/ HTTP/1.1" 404 17479
Not Found: /api/trips/accounts/profile/
"GET /api/trips/accounts/profile/ HTTP/1.1" 404 17479
Not Found: /api/trips/accounts/profile/
"GET /api/trips/accounts/profile/ HTTP/1.1" 404 17479
Not Found: /api/trips/accounts/profile/
"GET /api/trips/accounts/profile/ HTTP/1.1" 404 17479
"GET /api/accounts/profile/ HTTP/1.1" 200 259
"GET /api/accounts/profile/ HTTP/1.1" 200 259
"GET /api/accounts/profile/ HTTP/1.1" 200 259
"GET /api/accounts/profile/ HTTP/1.1" 200 259
"OPTIONS /api/trips/2/ HTTP/1.1" 200 0
"OPTIONS /api/trips/2/destinations/ HTTP/1.1" 200 0
"OPTIONS /api/trips/2/media/ HTTP/1.1" 200 0
"OPTIONS /api/trips/2/ HTTP/1.1" 200 0
"OPTIONS /api/trips/2/destinations/ HTTP/1.1" 200 0
"OPTIONS /api/trips/2/media/ HTTP/1.1" 200 0
Not Found: /api/trips/2/
"GET /api/trips/2/ HTTP/1.1" 404 17434
Not Found: /api/trips/2/destinations/
"GET /api/trips/2/destinations/ HTTP/1.1" 404 17473
Not Found: /api/trips/2/media/
"GET /api/trips/2/media/ HTTP/1.1" 404 17452
Not Found: /api/trips/2/
"GET /api/trips/2/ HTTP/1.1" 404 17434
Not Found: /api/trips/2/destinations/
"GET /api/trips/2/destinations/ HTTP/1.1" 404 17473
Not Found: /api/trips/2/media/
"GET /api/trips/2/media/ HTTP/1.1" 404 17452
"GET /api/accounts/profile/ HTTP/1.1" 200 259
"GET /api/accounts/profile/ HTTP/1.1" 200 259
"GET /api/accounts/profile/ HTTP/1.1" 200 259
"GET /api/accounts/profile/ HTTP/1.1" 200 259
"GET /api/trips/ HTTP/1.1" 200 50
"GET /api/trips/ HTTP/1.1" 200 50
"GET /api/accounts/profile/ HTTP/1.1" 200 259
"GET /api/accounts/profile/ HTTP/1.1" 200 259
"GET /api/accounts/profile/ HTTP/1.1" 200 259
"GET /api/accounts/profile/ HTTP/1.1" 200 259
Method Not Allowed: /api/trips/
"POST /api/trips/ HTTP/1.1" 405 41
"GET /api/accounts/profile/ HTTP/1.1" 200 259
"GET /api/accounts/profile/ HTTP/1.1" 200 259
Trip creation request received
Request method: POST
Request data: {'title': 's', 'description': 's', 'start_date': '2025-05-26', 'end_date': '2025-05-26', 'status': 'planning', 'privacy': 'private'}
Request user: AAA
Is authenticated: True
Trip created successfully with ID: 3
"POST /api/trips/trips/ HTTP/1.1" 201 493
"OPTIONS /api/trips/trips/3/ HTTP/1.1" 200 0
"OPTIONS /api/trips/trips/3/destinations/ HTTP/1.1" 200 0
"OPTIONS /api/trips/trips/3/media/ HTTP/1.1" 200 0
"OPTIONS /api/trips/trips/3/ HTTP/1.1" 200 0
"OPTIONS /api/trips/trips/3/media/ HTTP/1.1" 200 0
"OPTIONS /api/trips/trips/3/destinations/ HTTP/1.1" 200 0
"GET /api/trips/trips/3/destinations/ HTTP/1.1" 200 52
"GET /api/trips/trips/3/ HTTP/1.1" 200 493
"GET /api/trips/trips/3/media/ HTTP/1.1" 200 2
"GET /api/trips/trips/3/destinations/ HTTP/1.1" 200 52
"GET /api/trips/trips/3/ HTTP/1.1" 200 493
"GET /api/trips/trips/3/media/ HTTP/1.1" 200 2
"GET /api/accounts/profile/ HTTP/1.1" 200 259
"GET /api/accounts/profile/ HTTP/1.1" 200 259
"GET /api/accounts/profile/ HTTP/1.1" 200 259
"GET /api/accounts/profile/ HTTP/1.1" 200 259
"GET /api/trips/trips/2/destinations/ HTTP/1.1" 200 52
"GET /api/trips/trips/2/media/ HTTP/1.1" 200 2
"GET /api/trips/trips/2/ HTTP/1.1" 200 494
"GET /api/trips/trips/2/destinations/ HTTP/1.1" 200 52
"GET /api/trips/trips/2/media/ HTTP/1.1" 200 2
"GET /api/trips/trips/2/ HTTP/1.1" 200 494
"GET /api/accounts/profile/ HTTP/1.1" 200 259
"GET /api/accounts/profile/ HTTP/1.1" 200 259
"GET /api/accounts/profile/ HTTP/1.1" 200 259
"GET /api/accounts/profile/ HTTP/1.1" 200 259
"GET /api/trips/trips/2/destinations/ HTTP/1.1" 200 52
"GET /api/trips/trips/2/media/ HTTP/1.1" 200 2
"GET /api/trips/trips/2/ HTTP/1.1" 200 494
"GET /api/trips/trips/2/destinations/ HTTP/1.1" 200 52
"GET /api/trips/trips/2/media/ HTTP/1.1" 200 2
"GET /api/trips/trips/2/ HTTP/1.1" 200 494
"GET /api/accounts/profile/ HTTP/1.1" 200 259
"GET /api/accounts/profile/ HTTP/1.1" 200 259
"GET /api/accounts/profile/ HTTP/1.1" 200 259
"GET /api/accounts/profile/ HTTP/1.1" 200 259
"GET /api/accounts/profile/ HTTP/1.1" 200 259
"GET /api/accounts/profile/ HTTP/1.1" 200 259
"GET /api/trips/trips/ HTTP/1.1" 200 1535
"GET /api/trips/trips/ HTTP/1.1" 200 1535
"GET /api/accounts/profile/ HTTP/1.1" 200 259
"GET /api/accounts/profile/ HTTP/1.1" 200 259
"GET /api/trips/trips/ HTTP/1.1" 200 1535
"GET /api/trips/trips/ HTTP/1.1" 200 1535
"GET /api/accounts/profile/ HTTP/1.1" 200 259
"GET /api/accounts/profile/ HTTP/1.1" 200 259
"GET /api/accounts/profile/ HTTP/1.1" 200 259
"GET /api/accounts/profile/ HTTP/1.1" 200 259
"GET /api/trips/trips/3/destinations/ HTTP/1.1" 200 52
"GET /api/trips/trips/3/ HTTP/1.1" 200 493
"GET /api/trips/trips/3/media/ HTTP/1.1" 200 2
"GET /api/trips/trips/3/destinations/ HTTP/1.1" 200 52
"GET /api/trips/trips/3/media/ HTTP/1.1" 200 2
"GET /api/trips/trips/3/ HTTP/1.1" 200 493
"GET /api/accounts/profile/ HTTP/1.1" 200 259
"GET /api/accounts/profile/ HTTP/1.1" 200 259
Trip creation request received
Request method: POST
Request data: {'title': 'd', 'description': 'd', 'start_date': '2025-05-28', 'end_date': '2025-05-30', 'status': 'planning', 'privacy': 'private'}
Request user: AAA
Is authenticated: True
Trip created successfully with ID: 4
"POST /api/trips/trips/ HTTP/1.1" 201 493
"OPTIONS /api/trips/trips/4/ HTTP/1.1" 200 0
"GET /api/trips/trips/4/ HTTP/1.1" 200 493
"OPTIONS /api/trips/trips/4/destinations/ HTTP/1.1" 200 0
"OPTIONS /api/trips/trips/4/media/ HTTP/1.1" 200 0
"OPTIONS /api/trips/trips/4/destinations/ HTTP/1.1" 200 0
"OPTIONS /api/trips/trips/4/media/ HTTP/1.1" 200 0
"GET /api/trips/trips/4/ HTTP/1.1" 200 493
"GET /api/trips/trips/4/destinations/ HTTP/1.1" 200 52
"GET /api/trips/trips/4/media/ HTTP/1.1" 200 2
"GET /api/trips/trips/4/destinations/ HTTP/1.1" 200 52
"GET /api/trips/trips/4/media/ HTTP/1.1" 200 2
"GET /api/accounts/profile/ HTTP/1.1" 200 259
"GET /api/accounts/profile/ HTTP/1.1" 200 259
"GET /api/trips/trips/4/ HTTP/1.1" 200 493
"GET /api/trips/trips/4/destinations/ HTTP/1.1" 200 52
"GET /api/trips/trips/4/media/ HTTP/1.1" 200 2
"GET /api/trips/trips/4/ HTTP/1.1" 200 493
"GET /api/trips/trips/4/destinations/ HTTP/1.1" 200 52
"GET /api/trips/trips/4/media/ HTTP/1.1" 200 2
"GET /api/accounts/profile/ HTTP/1.1" 200 259
"GET /api/accounts/profile/ HTTP/1.1" 200 259
"GET /api/trips/trips/4/ HTTP/1.1" 200 493
"GET /api/trips/trips/4/destinations/ HTTP/1.1" 200 52
"GET /api/trips/trips/4/media/ HTTP/1.1" 200 2
"GET /api/trips/trips/4/ HTTP/1.1" 200 493
"GET /api/trips/trips/4/destinations/ HTTP/1.1" 200 52
"GET /api/trips/trips/4/media/ HTTP/1.1" 200 2
"GET /api/accounts/profile/ HTTP/1.1" 200 259
"GET /api/accounts/profile/ HTTP/1.1" 200 259
"GET /api/accounts/profile/ HTTP/1.1" 200 259
"GET /api/accounts/profile/ HTTP/1.1" 200 259
"OPTIONS /api/trips/trips/1/ HTTP/1.1" 200 0
"OPTIONS /api/trips/trips/1/destinations/ HTTP/1.1" 200 0
"OPTIONS /api/trips/trips/1/media/ HTTP/1.1" 200 0
"OPTIONS /api/trips/trips/1/destinations/ HTTP/1.1" 200 0
"OPTIONS /api/trips/trips/1/ HTTP/1.1" 200 0
"OPTIONS /api/trips/trips/1/media/ HTTP/1.1" 200 0
"GET /api/trips/trips/1/destinations/ HTTP/1.1" 200 52
"GET /api/trips/trips/1/ HTTP/1.1" 200 494
"GET /api/trips/trips/1/media/ HTTP/1.1" 200 2
"GET /api/trips/trips/1/destinations/ HTTP/1.1" 200 52
"GET /api/trips/trips/1/ HTTP/1.1" 200 494
"GET /api/trips/trips/1/media/ HTTP/1.1" 200 2
"GET /api/accounts/profile/ HTTP/1.1" 200 259
"GET /api/accounts/profile/ HTTP/1.1" 200 259
"GET /api/trips/trips/1/destinations/ HTTP/1.1" 200 52
"GET /api/trips/trips/1/ HTTP/1.1" 200 494
"GET /api/trips/trips/1/media/ HTTP/1.1" 200 2
"GET /api/trips/trips/1/destinations/ HTTP/1.1" 200 52
"GET /api/trips/trips/1/media/ HTTP/1.1" 200 2
"GET /api/trips/trips/1/ HTTP/1.1" 200 494
"GET /api/accounts/profile/ HTTP/1.1" 200 259
"GET /api/accounts/profile/ HTTP/1.1" 200 259
"GET /api/accounts/profile/ HTTP/1.1" 200 259
"GET /api/accounts/profile/ HTTP/1.1" 200 259
C:\Users\Qie\Documents\AUOW\FYP\TripMate\tripmate_backend\trips\views.py changed, reloading.
Watching for file changes with StatReloader
C:\Users\Qie\Documents\AUOW\FYP\TripMate\tripmate_backend\tripmate_backend\settings.py changed, reloading.
Watching for file changes with StatReloader
C:\Users\Qie\Documents\AUOW\FYP\TripMate\tripmate_backend\trips\views.py changed, reloading.
Watching for file changes with StatReloader
"GET /api/accounts/profile/ HTTP/1.1" 200 259
"GET /api/accounts/profile/ HTTP/1.1" 200 259
C:\Users\Qie\Documents\AUOW\FYP\TripMate\tripmate_backend\trips\views.py changed, reloading.
Watching for file changes with StatReloader
"GET /api/accounts/profile/ HTTP/1.1" 200 259
"GET /api/accounts/profile/ HTTP/1.1" 200 259
"GET /api/accounts/profile/ HTTP/1.1" 200 259
"GET /api/accounts/profile/ HTTP/1.1" 200 259
"GET /api/trips/trips/1/destinations/ HTTP/1.1" 200 2
"GET /api/trips/trips/1/media/ HTTP/1.1" 200 2
"GET /api/trips/trips/1/ HTTP/1.1" 200 494
"GET /api/trips/trips/1/destinations/ HTTP/1.1" 200 2
"GET /api/trips/trips/1/media/ HTTP/1.1" 200 2
"GET /api/trips/trips/1/ HTTP/1.1" 200 494
"GET /api/accounts/profile/ HTTP/1.1" 200 259
"GET /api/accounts/profile/ HTTP/1.1" 200 259
"GET /api/trips/trips/1/media/ HTTP/1.1" 200 2
"GET /api/trips/trips/1/destinations/ HTTP/1.1" 200 2
"GET /api/trips/trips/1/ HTTP/1.1" 200 494
"GET /api/trips/trips/1/destinations/ HTTP/1.1" 200 2
"GET /api/trips/trips/1/media/ HTTP/1.1" 200 2
"GET /api/trips/trips/1/ HTTP/1.1" 200 494
"GET /api/accounts/profile/ HTTP/1.1" 200 259
"GET /api/accounts/profile/ HTTP/1.1" 200 259
"GET /api/trips/trips/1/media/ HTTP/1.1" 200 2
"GET /api/trips/trips/1/destinations/ HTTP/1.1" 200 2
"GET /api/trips/trips/1/ HTTP/1.1" 200 494
"GET /api/trips/trips/1/media/ HTTP/1.1" 200 2
"GET /api/trips/trips/1/destinations/ HTTP/1.1" 200 2
"GET /api/trips/trips/1/ HTTP/1.1" 200 494
"OPTIONS /api/trips/trips/1/upload_media/ HTTP/1.1" 200 0
"POST /api/trips/trips/1/upload_media/ HTTP/1.1" 201 518
"GET /api/trips/trips/1/media/ HTTP/1.1" 200 520
"GET /api/trips/trips/1/destinations/ HTTP/1.1" 200 2
"GET /api/trips/trips/1/ HTTP/1.1" 200 1012
"GET /media/trips/1/media/a9884172-2def-49c4-b51d-6123b3f1c11a.jpg HTTP/1.1" 200 31865
"GET /api/trips/trips/1/ HTTP/1.1" 200 1012
"GET /api/trips/trips/1/ HTTP/1.1" 200 1012
"PATCH /api/trips/trips/1/ HTTP/1.1" 200 1012
"GET /api/trips/trips/1/destinations/ HTTP/1.1" 200 2
"GET /api/trips/trips/1/media/ HTTP/1.1" 200 520
"GET /api/trips/trips/1/ HTTP/1.1" 200 1012
"GET /api/trips/trips/1/destinations/ HTTP/1.1" 200 2
"GET /api/trips/trips/1/media/ HTTP/1.1" 200 520
"GET /api/trips/trips/1/ HTTP/1.1" 200 1012
